<?xml version="1.0" encoding="UTF-8"?>
<testsuite xmlns:xsi="http://www.w3.org/2001/XMLSchema-instance" xsi:noNamespaceSchemaLocation="https://maven.apache.org/surefire/maven-surefire-plugin/xsd/surefire-test-report-3.0.xsd" version="3.0" name="com.simplilearn.mavenproject.AppTest" time="0.037" tests="1" errors="0" skipped="0" failures="0">
  <properties>
    <property name="java.specification.version" value="22"/>
    <property name="sun.cpu.isalist" value="amd64"/>
    <property name="sun.jnu.encoding" value="Cp1252"/>
    <property name="java.class.path" value="C:\Users\joaov\git\concurrent\mavenproject2\target\test-classes;C:\Users\joaov\git\concurrent\mavenproject2\target\classes;C:\Users\joaov\.m2\repository\junit\junit\4.11\junit-4.11.jar;C:\Users\joaov\.m2\repository\org\hamcrest\hamcrest-core\1.3\hamcrest-core-1.3.jar;C:\Users\joaov\.m2\repository\org\openjdk\jmh\jmh-core\1.35\jmh-core-1.35.jar;C:\Users\joaov\.m2\repository\net\sf\jopt-simple\jopt-simple\5.0.4\jopt-simple-5.0.4.jar;C:\Users\joaov\.m2\repository\org\apache\commons\commons-math3\3.2\commons-math3-3.2.jar;C:\Users\joaov\.m2\repository\org\openjdk\jmh\jmh-generator-annprocess\1.35\jmh-generator-annprocess-1.35.jar;C:\Users\joaov\.m2\repository\org\apache\jmeter\ApacheJMeter_core\5.1\ApacheJMeter_core-5.1.jar;C:\Users\joaov\.m2\repository\org\apache\jmeter\jorphan\5.1\jorphan-5.1.jar;C:\Users\joaov\.m2\repository\org\ow2\asm\asm\7.0\asm-7.0.jar;C:\Users\joaov\.m2\repository\net\minidev\accessors-smart\1.2\accessors-smart-1.2.jar;C:\Users\joaov\.m2\repository\bsf\bsf\2.4.0\bsf-2.4.0.jar;C:\Users\joaov\.m2\repository\commons-logging\commons-logging\1.0.4\commons-logging-1.0.4.jar;C:\Users\joaov\.m2\repository\org\apache-extras\beanshell\bsh\2.0b6\bsh-2.0b6.jar;C:\Users\joaov\.m2\repository\org\bouncycastle\bcmail-jdk15on\1.60\bcmail-jdk15on-1.60.jar;C:\Users\joaov\.m2\repository\org\bouncycastle\bcprov-jdk15on\1.60\bcprov-jdk15on-1.60.jar;C:\Users\joaov\.m2\repository\org\bouncycastle\bcpkix-jdk15on\1.60\bcpkix-jdk15on-1.60.jar;C:\Users\joaov\.m2\repository\org\brotli\dec\0.1.2\dec-0.1.2.jar;C:\Users\joaov\.m2\repository\com\github\ben-manes\caffeine\caffeine\2.6.2\caffeine-2.6.2.jar;C:\Users\joaov\.m2\repository\commons-codec\commons-codec\1.11\commons-codec-1.11.jar;C:\Users\joaov\.m2\repository\commons-collections\commons-collections\3.2.2\commons-collections-3.2.2.jar;C:\Users\joaov\.m2\repository\org\apache\commons\commons-dbcp2\2.5.0\commons-dbcp2-2.5.0.jar;C:\Users\joaov\.m2\repository\commons-io\commons-io\2.6\commons-io-2.6.jar;C:\Users\joaov\.m2\repository\org\apache\commons\commons-jexl\2.1.1\commons-jexl-2.1.1.jar;C:\Users\joaov\.m2\repository\org\apache\commons\commons-jexl3\3.1\commons-jexl3-3.1.jar;C:\Users\joaov\.m2\repository\org\apache\commons\commons-lang3\3.8.1\commons-lang3-3.8.1.jar;C:\Users\joaov\.m2\repository\commons-net\commons-net\3.6\commons-net-3.6.jar;C:\Users\joaov\.m2\repository\org\apache\commons\commons-pool2\2.6.0\commons-pool2-2.6.0.jar;C:\Users\joaov\.m2\repository\org\apache\commons\commons-text\1.6\commons-text-1.6.jar;C:\Users\joaov\.m2\repository\dnsjava\dnsjava\2.1.8\dnsjava-2.1.8.jar;C:\Users\joaov\.m2\repository\org\codehaus\groovy\groovy-all\2.4.16\groovy-all-2.4.16.jar;C:\Users\joaov\.m2\repository\org\apache\httpcomponents\httpasyncclient\4.1.4\httpasyncclient-4.1.4.jar;C:\Users\joaov\.m2\repository\org\apache\httpcomponents\httpclient\4.5.7\httpclient-4.5.7.jar;C:\Users\joaov\.m2\repository\org\apache\httpcomponents\httpmime\4.5.7\httpmime-4.5.7.jar;C:\Users\joaov\.m2\repository\org\apache\httpcomponents\httpcore\4.4.11\httpcore-4.4.11.jar;C:\Users\joaov\.m2\repository\org\apache\httpcomponents\httpcore-nio\4.4.11\httpcore-nio-4.4.11.jar;C:\Users\joaov\.m2\repository\oro\oro\2.0.8\oro-2.0.8.jar;C:\Users\joaov\.m2\repository\com\fasterxml\jackson\core\jackson-databind\2.9.8\jackson-databind-2.9.8.jar;C:\Users\joaov\.m2\repository\com\fasterxml\jackson\core\jackson-annotations\2.9.8\jackson-annotations-2.9.8.jar;C:\Users\joaov\.m2\repository\com\fasterxml\jackson\core\jackson-core\2.9.8\jackson-core-2.9.8.jar;C:\Users\joaov\.m2\repository\jcharts\jcharts\0.7.5\jcharts-0.7.5.jar;C:\Users\joaov\.m2\repository\org\mozilla\rhino\1.7.10\rhino-1.7.10.jar;C:\Users\joaov\.m2\repository\net\sf\jtidy\jtidy\r938\jtidy-r938.jar;C:\Users\joaov\.m2\repository\org\apache\tika\tika-core\1.20\tika-core-1.20.jar;C:\Users\joaov\.m2\repository\org\apache\tika\tika-parsers\1.20\tika-parsers-1.20.jar;C:\Users\joaov\.m2\repository\org\glassfish\jaxb\jaxb-runtime\2.3.1\jaxb-runtime-2.3.1.jar;C:\Users\joaov\.m2\repository\javax\xml\bind\jaxb-api\2.3.1\jaxb-api-2.3.1.jar;C:\Users\joaov\.m2\repository\org\glassfish\jaxb\txw2\2.3.1\txw2-2.3.1.jar;C:\Users\joaov\.m2\repository\com\sun\istack\istack-commons-runtime\3.0.7\istack-commons-runtime-3.0.7.jar;C:\Users\joaov\.m2\repository\org\jvnet\staxex\stax-ex\1.8\stax-ex-1.8.jar;C:\Users\joaov\.m2\repository\com\sun\xml\fastinfoset\FastInfoset\1.2.15\FastInfoset-1.2.15.jar;C:\Users\joaov\.m2\repository\javax\annotation\javax.annotation-api\1.3.2\javax.annotation-api-1.3.2.jar;C:\Users\joaov\.m2\repository\org\gagravarr\vorbis-java-tika\0.8\vorbis-java-tika-0.8.jar;C:\Users\joaov\.m2\repository\org\tallison\jmatio\1.5\jmatio-1.5.jar;C:\Users\joaov\.m2\repository\org\apache\james\apache-mime4j-core\0.8.2\apache-mime4j-core-0.8.2.jar;C:\Users\joaov\.m2\repository\org\apache\james\apache-mime4j-dom\0.8.2\apache-mime4j-dom-0.8.2.jar;C:\Users\joaov\.m2\repository\org\apache\commons\commons-compress\1.18\commons-compress-1.18.jar;C:\Users\joaov\.m2\repository\org\tukaani\xz\1.8\xz-1.8.jar;C:\Users\joaov\.m2\repository\com\epam\parso\2.0.10\parso-2.0.10.jar;C:\Users\joaov\.m2\repository\org\apache\pdfbox\pdfbox\2.0.13\pdfbox-2.0.13.jar;C:\Users\joaov\.m2\repository\org\apache\pdfbox\fontbox\2.0.13\fontbox-2.0.13.jar;C:\Users\joaov\.m2\repository\org\apache\pdfbox\pdfbox-tools\2.0.13\pdfbox-tools-2.0.13.jar;C:\Users\joaov\.m2\repository\org\apache\pdfbox\jempbox\1.8.16\jempbox-1.8.16.jar;C:\Users\joaov\.m2\repository\org\apache\poi\poi\4.0.1\poi-4.0.1.jar;C:\Users\joaov\.m2\repository\org\apache\commons\commons-collections4\4.2\commons-collections4-4.2.jar;C:\Users\joaov\.m2\repository\org\apache\poi\poi-scratchpad\4.0.1\poi-scratchpad-4.0.1.jar;C:\Users\joaov\.m2\repository\org\apache\poi\poi-ooxml\4.0.1\poi-ooxml-4.0.1.jar;C:\Users\joaov\.m2\repository\org\apache\poi\poi-ooxml-schemas\4.0.1\poi-ooxml-schemas-4.0.1.jar;C:\Users\joaov\.m2\repository\org\apache\xmlbeans\xmlbeans\3.0.2\xmlbeans-3.0.2.jar;C:\Users\joaov\.m2\repository\com\github\virtuald\curvesapi\1.05\curvesapi-1.05.jar;C:\Users\joaov\.m2\repository\com\healthmarketscience\jackcess\jackcess\2.1.12\jackcess-2.1.12.jar;C:\Users\joaov\.m2\repository\commons-lang\commons-lang\2.6\commons-lang-2.6.jar;C:\Users\joaov\.m2\repository\com\healthmarketscience\jackcess\jackcess-encrypt\2.1.4\jackcess-encrypt-2.1.4.jar;C:\Users\joaov\.m2\repository\org\ccil\cowan\tagsoup\tagsoup\1.2.1\tagsoup-1.2.1.jar;C:\Users\joaov\.m2\repository\com\googlecode\mp4parser\isoparser\1.1.22\isoparser-1.1.22.jar;C:\Users\joaov\.m2\repository\com\drewnoakes\metadata-extractor\2.11.0\metadata-extractor-2.11.0.jar;C:\Users\joaov\.m2\repository\com\adobe\xmp\xmpcore\5.1.3\xmpcore-5.1.3.jar;C:\Users\joaov\.m2\repository\de\l3s\boilerpipe\boilerpipe\1.1.0\boilerpipe-1.1.0.jar;C:\Users\joaov\.m2\repository\com\rometools\rome\1.12.0\rome-1.12.0.jar;C:\Users\joaov\.m2\repository\com\rometools\rome-utils\1.12.0\rome-utils-1.12.0.jar;C:\Users\joaov\.m2\repository\org\gagravarr\vorbis-java-core\0.8\vorbis-java-core-0.8.jar;C:\Users\joaov\.m2\repository\com\googlecode\juniversalchardet\juniversalchardet\1.0.3\juniversalchardet-1.0.3.jar;C:\Users\joaov\.m2\repository\org\codelibs\jhighlight\1.0.3\jhighlight-1.0.3.jar;C:\Users\joaov\.m2\repository\com\pff\java-libpst\0.8.1\java-libpst-0.8.1.jar;C:\Users\joaov\.m2\repository\com\github\junrar\junrar\2.0.0\junrar-2.0.0.jar;C:\Users\joaov\.m2\repository\org\apache\cxf\cxf-rt-rs-client\3.2.7\cxf-rt-rs-client-3.2.7.jar;C:\Users\joaov\.m2\repository\org\apache\cxf\cxf-rt-transports-http\3.2.7\cxf-rt-transports-http-3.2.7.jar;C:\Users\joaov\.m2\repository\org\apache\cxf\cxf-core\3.2.7\cxf-core-3.2.7.jar;C:\Users\joaov\.m2\repository\com\fasterxml\woodstox\woodstox-core\5.0.3\woodstox-core-5.0.3.jar;C:\Users\joaov\.m2\repository\org\codehaus\woodstox\stax2-api\3.1.4\stax2-api-3.1.4.jar;C:\Users\joaov\.m2\repository\org\apache\ws\xmlschema\xmlschema-core\2.2.3\xmlschema-core-2.2.3.jar;C:\Users\joaov\.m2\repository\org\apache\cxf\cxf-rt-frontend-jaxrs\3.2.7\cxf-rt-frontend-jaxrs-3.2.7.jar;C:\Users\joaov\.m2\repository\javax\ws\rs\javax.ws.rs-api\2.1.1\javax.ws.rs-api-2.1.1.jar;C:\Users\joaov\.m2\repository\org\apache\commons\commons-exec\1.3\commons-exec-1.3.jar;C:\Users\joaov\.m2\repository\org\apache\opennlp\opennlp-tools\1.9.0\opennlp-tools-1.9.0.jar;C:\Users\joaov\.m2\repository\com\googlecode\json-simple\json-simple\1.1.1\json-simple-1.1.1.jar;C:\Users\joaov\.m2\repository\com\github\openjson\openjson\1.0.10\openjson-1.0.10.jar;C:\Users\joaov\.m2\repository\com\google\code\gson\gson\2.8.5\gson-2.8.5.jar;C:\Users\joaov\.m2\repository\org\slf4j\jul-to-slf4j\1.7.25\jul-to-slf4j-1.7.25.jar;C:\Users\joaov\.m2\repository\edu\ucar\netcdf4\4.5.5\netcdf4-4.5.5.jar;C:\Users\joaov\.m2\repository\net\jcip\jcip-annotations\1.0\jcip-annotations-1.0.jar;C:\Users\joaov\.m2\repository\edu\ucar\grib\4.5.5\grib-4.5.5.jar;C:\Users\joaov\.m2\repository\com\google\protobuf\protobuf-java\2.5.0\protobuf-java-2.5.0.jar;C:\Users\joaov\.m2\repository\org\itadaki\bzip2\0.9.1\bzip2-0.9.1.jar;C:\Users\joaov\.m2\repository\net\java\dev\jna\jna\5.1.0\jna-5.1.0.jar;C:\Users\joaov\.m2\repository\edu\ucar\cdm\4.5.5\cdm-4.5.5.jar;C:\Users\joaov\.m2\repository\edu\ucar\udunits\4.5.5\udunits-4.5.5.jar;C:\Users\joaov\.m2\repository\joda-time\joda-time\2.2\joda-time-2.2.jar;C:\Users\joaov\.m2\repository\org\quartz-scheduler\quartz\2.2.0\quartz-2.2.0.jar;C:\Users\joaov\.m2\repository\c3p0\c3p0\0.9.1.1\c3p0-0.9.1.1.jar;C:\Users\joaov\.m2\repository\net\sf\ehcache\ehcache-core\2.6.2\ehcache-core-2.6.2.jar;C:\Users\joaov\.m2\repository\com\google\guava\guava\17.0\guava-17.0.jar;C:\Users\joaov\.m2\repository\com\beust\jcommander\1.35\jcommander-1.35.jar;C:\Users\joaov\.m2\repository\edu\ucar\httpservices\4.5.5\httpservices-4.5.5.jar;C:\Users\joaov\.m2\repository\org\apache\commons\commons-csv\1.6\commons-csv-1.6.jar;C:\Users\joaov\.m2\repository\org\apache\sis\core\sis-utility\0.8\sis-utility-0.8.jar;C:\Users\joaov\.m2\repository\javax\measure\unit-api\1.0\unit-api-1.0.jar;C:\Users\joaov\.m2\repository\org\apache\sis\storage\sis-netcdf\0.8\sis-netcdf-0.8.jar;C:\Users\joaov\.m2\repository\org\apache\sis\storage\sis-storage\0.8\sis-storage-0.8.jar;C:\Users\joaov\.m2\repository\org\apache\sis\core\sis-feature\0.8\sis-feature-0.8.jar;C:\Users\joaov\.m2\repository\org\apache\sis\core\sis-referencing\0.8\sis-referencing-0.8.jar;C:\Users\joaov\.m2\repository\org\apache\sis\core\sis-metadata\0.8\sis-metadata-0.8.jar;C:\Users\joaov\.m2\repository\org\opengis\geoapi\3.0.1\geoapi-3.0.1.jar;C:\Users\joaov\.m2\repository\edu\usc\ir\sentiment-analysis-parser\0.1\sentiment-analysis-parser-0.1.jar;C:\Users\joaov\.m2\repository\org\apache\uima\uimafit-core\2.4.0\uimafit-core-2.4.0.jar;C:\Users\joaov\.m2\repository\org\apache\uima\uimaj-core\3.0.1\uimaj-core-3.0.1.jar;C:\Users\joaov\.m2\repository\org\bitbucket\mstrobel\procyon-compilertools\0.5.32\procyon-compilertools-0.5.32.jar;C:\Users\joaov\.m2\repository\org\bitbucket\mstrobel\procyon-core\0.5.32\procyon-core-0.5.32.jar;C:\Users\joaov\.m2\repository\org\jdom\jdom2\2.0.6\jdom2-2.0.6.jar;C:\Users\joaov\.m2\repository\org\apache\pdfbox\jbig2-imageio\3.0.2\jbig2-imageio-3.0.2.jar;C:\Users\joaov\.m2\repository\com\github\jai-imageio\jai-imageio-core\1.4.0\jai-imageio-core-1.4.0.jar;C:\Users\joaov\.m2\repository\com\thoughtworks\xstream\xstream\1.4.11\xstream-1.4.11.jar;C:\Users\joaov\.m2\repository\xmlpull\xmlpull\1.1.3.1\xmlpull-1.1.3.1.jar;C:\Users\joaov\.m2\repository\xpp3\xpp3_min\1.1.4c\xpp3_min-1.1.4c.jar;C:\Users\joaov\.m2\repository\xalan\xalan\2.7.2\xalan-2.7.2.jar;C:\Users\joaov\.m2\repository\xalan\serializer\2.7.2\serializer-2.7.2.jar;C:\Users\joaov\.m2\repository\net\sf\saxon\Saxon-HE\9.9.1-1\Saxon-HE-9.9.1-1.jar;C:\Users\joaov\.m2\repository\xerces\xercesImpl\2.12.0\xercesImpl-2.12.0.jar;C:\Users\joaov\.m2\repository\xml-apis\xml-apis\1.4.01\xml-apis-1.4.01.jar;C:\Users\joaov\.m2\repository\org\apache\xmlgraphics\xmlgraphics-commons\2.3\xmlgraphics-commons-2.3.jar;C:\Users\joaov\.m2\repository\javax\activation\javax.activation-api\1.2.0\javax.activation-api-1.2.0.jar;C:\Users\joaov\.m2\repository\com\sun\activation\javax.activation\1.2.0\javax.activation-1.2.0.jar;C:\Users\joaov\.m2\repository\javax\mail\mail\1.5.0-b01\mail-1.5.0-b01.jar;C:\Users\joaov\.m2\repository\javax\activation\activation\1.1\activation-1.1.jar;C:\Users\joaov\.m2\repository\org\apache\geronimo\specs\geronimo-jms_1.1_spec\1.1.1\geronimo-jms_1.1_spec-1.1.1.jar;C:\Users\joaov\.m2\repository\com\jayway\jsonpath\json-path\2.4.0\json-path-2.4.0.jar;C:\Users\joaov\.m2\repository\net\minidev\json-smart\2.3\json-smart-2.3.jar;C:\Users\joaov\.m2\repository\org\jsoup\jsoup\1.11.3\jsoup-1.11.3.jar;C:\Users\joaov\.m2\repository\org\jodd\jodd-core\5.0.6\jodd-core-5.0.6.jar;C:\Users\joaov\.m2\repository\org\jodd\jodd-lagarto\5.0.6\jodd-lagarto-5.0.6.jar;C:\Users\joaov\.m2\repository\org\jodd\jodd-log\5.0.6\jodd-log-5.0.6.jar;C:\Users\joaov\.m2\repository\org\jodd\jodd-props\5.0.6\jodd-props-5.0.6.jar;C:\Users\joaov\.m2\repository\org\mongodb\mongo-java-driver\2.11.3\mongo-java-driver-2.11.3.jar;C:\Users\joaov\.m2\repository\com\helger\ph-css\6.1.1\ph-css-6.1.1.jar;C:\Users\joaov\.m2\repository\com\helger\ph-commons\9.2.1\ph-commons-9.2.1.jar;C:\Users\joaov\.m2\repository\com\google\code\findbugs\jsr305\3.0.2\jsr305-3.0.2.jar;C:\Users\joaov\.m2\repository\com\fifesoft\rsyntaxtextarea\3.0.2\rsyntaxtextarea-3.0.2.jar;C:\Users\joaov\.m2\repository\org\slf4j\slf4j-api\1.7.25\slf4j-api-1.7.25.jar;C:\Users\joaov\.m2\repository\org\slf4j\jcl-over-slf4j\1.7.25\jcl-over-slf4j-1.7.25.jar;C:\Users\joaov\.m2\repository\org\apache\logging\log4j\log4j-api\2.11.1\log4j-api-2.11.1.jar;C:\Users\joaov\.m2\repository\org\apache\logging\log4j\log4j-core\2.11.1\log4j-core-2.11.1.jar;C:\Users\joaov\.m2\repository\org\apache\logging\log4j\log4j-slf4j-impl\2.11.1\log4j-slf4j-impl-2.11.1.jar;C:\Users\joaov\.m2\repository\org\apache\logging\log4j\log4j-1.2-api\2.11.1\log4j-1.2-api-2.11.1.jar;C:\Users\joaov\.m2\repository\org\freemarker\freemarker\2.3.28\freemarker-2.3.28.jar;C:\Users\joaov\.m2\repository\org\apache\jmeter\ApacheJMeter_java\5.1\ApacheJMeter_java-5.1.jar;C:\Users\joaov\.m2\repository\org\apache\jmeter\ApacheJMeter_components\5.1\ApacheJMeter_components-5.1.jar;"/>
    <property name="java.vm.vendor" value="Oracle Corporation"/>
    <property name="sun.arch.data.model" value="64"/>
    <property name="user.variant" value=""/>
    <property name="java.vendor.url" value="https://java.oracle.com/"/>
    <property name="user.timezone" value="America/Fortaleza"/>
    <property name="os.name" value="Windows 10"/>
    <property name="java.vm.specification.version" value="22"/>
    <property name="sun.java.launcher" value="SUN_STANDARD"/>
    <property name="user.country" value="BR"/>
    <property name="sun.boot.library.path" value="C:\Program Files\Java\jdk-22\bin"/>
    <property name="sun.java.command" value="C:\Users\joaov\AppData\Local\Temp\surefire17713942464846963827\surefirebooter-20240517084921580_3.jar C:\Users\joaov\AppData\Local\Temp\surefire17713942464846963827 2024-05-17T08-49-21_484-jvmRun1 surefire-20240517084921580_1tmp surefire_0-20240517084921580_2tmp"/>
    <property name="jdk.debug" value="release"/>
    <property name="surefire.test.class.path" value="C:\Users\joaov\git\concurrent\mavenproject2\target\test-classes;C:\Users\joaov\git\concurrent\mavenproject2\target\classes;C:\Users\joaov\.m2\repository\junit\junit\4.11\junit-4.11.jar;C:\Users\joaov\.m2\repository\org\hamcrest\hamcrest-core\1.3\hamcrest-core-1.3.jar;C:\Users\joaov\.m2\repository\org\openjdk\jmh\jmh-core\1.35\jmh-core-1.35.jar;C:\Users\joaov\.m2\repository\net\sf\jopt-simple\jopt-simple\5.0.4\jopt-simple-5.0.4.jar;C:\Users\joaov\.m2\repository\org\apache\commons\commons-math3\3.2\commons-math3-3.2.jar;C:\Users\joaov\.m2\repository\org\openjdk\jmh\jmh-generator-annprocess\1.35\jmh-generator-annprocess-1.35.jar;C:\Users\joaov\.m2\repository\org\apache\jmeter\ApacheJMeter_core\5.1\ApacheJMeter_core-5.1.jar;C:\Users\joaov\.m2\repository\org\apache\jmeter\jorphan\5.1\jorphan-5.1.jar;C:\Users\joaov\.m2\repository\org\ow2\asm\asm\7.0\asm-7.0.jar;C:\Users\joaov\.m2\repository\net\minidev\accessors-smart\1.2\accessors-smart-1.2.jar;C:\Users\joaov\.m2\repository\bsf\bsf\2.4.0\bsf-2.4.0.jar;C:\Users\joaov\.m2\repository\commons-logging\commons-logging\1.0.4\commons-logging-1.0.4.jar;C:\Users\joaov\.m2\repository\org\apache-extras\beanshell\bsh\2.0b6\bsh-2.0b6.jar;C:\Users\joaov\.m2\repository\org\bouncycastle\bcmail-jdk15on\1.60\bcmail-jdk15on-1.60.jar;C:\Users\joaov\.m2\repository\org\bouncycastle\bcprov-jdk15on\1.60\bcprov-jdk15on-1.60.jar;C:\Users\joaov\.m2\repository\org\bouncycastle\bcpkix-jdk15on\1.60\bcpkix-jdk15on-1.60.jar;C:\Users\joaov\.m2\repository\org\brotli\dec\0.1.2\dec-0.1.2.jar;C:\Users\joaov\.m2\repository\com\github\ben-manes\caffeine\caffeine\2.6.2\caffeine-2.6.2.jar;C:\Users\joaov\.m2\repository\commons-codec\commons-codec\1.11\commons-codec-1.11.jar;C:\Users\joaov\.m2\repository\commons-collections\commons-collections\3.2.2\commons-collections-3.2.2.jar;C:\Users\joaov\.m2\repository\org\apache\commons\commons-dbcp2\2.5.0\commons-dbcp2-2.5.0.jar;C:\Users\joaov\.m2\repository\commons-io\commons-io\2.6\commons-io-2.6.jar;C:\Users\joaov\.m2\repository\org\apache\commons\commons-jexl\2.1.1\commons-jexl-2.1.1.jar;C:\Users\joaov\.m2\repository\org\apache\commons\commons-jexl3\3.1\commons-jexl3-3.1.jar;C:\Users\joaov\.m2\repository\org\apache\commons\commons-lang3\3.8.1\commons-lang3-3.8.1.jar;C:\Users\joaov\.m2\repository\commons-net\commons-net\3.6\commons-net-3.6.jar;C:\Users\joaov\.m2\repository\org\apache\commons\commons-pool2\2.6.0\commons-pool2-2.6.0.jar;C:\Users\joaov\.m2\repository\org\apache\commons\commons-text\1.6\commons-text-1.6.jar;C:\Users\joaov\.m2\repository\dnsjava\dnsjava\2.1.8\dnsjava-2.1.8.jar;C:\Users\joaov\.m2\repository\org\codehaus\groovy\groovy-all\2.4.16\groovy-all-2.4.16.jar;C:\Users\joaov\.m2\repository\org\apache\httpcomponents\httpasyncclient\4.1.4\httpasyncclient-4.1.4.jar;C:\Users\joaov\.m2\repository\org\apache\httpcomponents\httpclient\4.5.7\httpclient-4.5.7.jar;C:\Users\joaov\.m2\repository\org\apache\httpcomponents\httpmime\4.5.7\httpmime-4.5.7.jar;C:\Users\joaov\.m2\repository\org\apache\httpcomponents\httpcore\4.4.11\httpcore-4.4.11.jar;C:\Users\joaov\.m2\repository\org\apache\httpcomponents\httpcore-nio\4.4.11\httpcore-nio-4.4.11.jar;C:\Users\joaov\.m2\repository\oro\oro\2.0.8\oro-2.0.8.jar;C:\Users\joaov\.m2\repository\com\fasterxml\jackson\core\jackson-databind\2.9.8\jackson-databind-2.9.8.jar;C:\Users\joaov\.m2\repository\com\fasterxml\jackson\core\jackson-annotations\2.9.8\jackson-annotations-2.9.8.jar;C:\Users\joaov\.m2\repository\com\fasterxml\jackson\core\jackson-core\2.9.8\jackson-core-2.9.8.jar;C:\Users\joaov\.m2\repository\jcharts\jcharts\0.7.5\jcharts-0.7.5.jar;C:\Users\joaov\.m2\repository\org\mozilla\rhino\1.7.10\rhino-1.7.10.jar;C:\Users\joaov\.m2\repository\net\sf\jtidy\jtidy\r938\jtidy-r938.jar;C:\Users\joaov\.m2\repository\org\apache\tika\tika-core\1.20\tika-core-1.20.jar;C:\Users\joaov\.m2\repository\org\apache\tika\tika-parsers\1.20\tika-parsers-1.20.jar;C:\Users\joaov\.m2\repository\org\glassfish\jaxb\jaxb-runtime\2.3.1\jaxb-runtime-2.3.1.jar;C:\Users\joaov\.m2\repository\javax\xml\bind\jaxb-api\2.3.1\jaxb-api-2.3.1.jar;C:\Users\joaov\.m2\repository\org\glassfish\jaxb\txw2\2.3.1\txw2-2.3.1.jar;C:\Users\joaov\.m2\repository\com\sun\istack\istack-commons-runtime\3.0.7\istack-commons-runtime-3.0.7.jar;C:\Users\joaov\.m2\repository\org\jvnet\staxex\stax-ex\1.8\stax-ex-1.8.jar;C:\Users\joaov\.m2\repository\com\sun\xml\fastinfoset\FastInfoset\1.2.15\FastInfoset-1.2.15.jar;C:\Users\joaov\.m2\repository\javax\annotation\javax.annotation-api\1.3.2\javax.annotation-api-1.3.2.jar;C:\Users\joaov\.m2\repository\org\gagravarr\vorbis-java-tika\0.8\vorbis-java-tika-0.8.jar;C:\Users\joaov\.m2\repository\org\tallison\jmatio\1.5\jmatio-1.5.jar;C:\Users\joaov\.m2\repository\org\apache\james\apache-mime4j-core\0.8.2\apache-mime4j-core-0.8.2.jar;C:\Users\joaov\.m2\repository\org\apache\james\apache-mime4j-dom\0.8.2\apache-mime4j-dom-0.8.2.jar;C:\Users\joaov\.m2\repository\org\apache\commons\commons-compress\1.18\commons-compress-1.18.jar;C:\Users\joaov\.m2\repository\org\tukaani\xz\1.8\xz-1.8.jar;C:\Users\joaov\.m2\repository\com\epam\parso\2.0.10\parso-2.0.10.jar;C:\Users\joaov\.m2\repository\org\apache\pdfbox\pdfbox\2.0.13\pdfbox-2.0.13.jar;C:\Users\joaov\.m2\repository\org\apache\pdfbox\fontbox\2.0.13\fontbox-2.0.13.jar;C:\Users\joaov\.m2\repository\org\apache\pdfbox\pdfbox-tools\2.0.13\pdfbox-tools-2.0.13.jar;C:\Users\joaov\.m2\repository\org\apache\pdfbox\jempbox\1.8.16\jempbox-1.8.16.jar;C:\Users\joaov\.m2\repository\org\apache\poi\poi\4.0.1\poi-4.0.1.jar;C:\Users\joaov\.m2\repository\org\apache\commons\commons-collections4\4.2\commons-collections4-4.2.jar;C:\Users\joaov\.m2\repository\org\apache\poi\poi-scratchpad\4.0.1\poi-scratchpad-4.0.1.jar;C:\Users\joaov\.m2\repository\org\apache\poi\poi-ooxml\4.0.1\poi-ooxml-4.0.1.jar;C:\Users\joaov\.m2\repository\org\apache\poi\poi-ooxml-schemas\4.0.1\poi-ooxml-schemas-4.0.1.jar;C:\Users\joaov\.m2\repository\org\apache\xmlbeans\xmlbeans\3.0.2\xmlbeans-3.0.2.jar;C:\Users\joaov\.m2\repository\com\github\virtuald\curvesapi\1.05\curvesapi-1.05.jar;C:\Users\joaov\.m2\repository\com\healthmarketscience\jackcess\jackcess\2.1.12\jackcess-2.1.12.jar;C:\Users\joaov\.m2\repository\commons-lang\commons-lang\2.6\commons-lang-2.6.jar;C:\Users\joaov\.m2\repository\com\healthmarketscience\jackcess\jackcess-encrypt\2.1.4\jackcess-encrypt-2.1.4.jar;C:\Users\joaov\.m2\repository\org\ccil\cowan\tagsoup\tagsoup\1.2.1\tagsoup-1.2.1.jar;C:\Users\joaov\.m2\repository\com\googlecode\mp4parser\isoparser\1.1.22\isoparser-1.1.22.jar;C:\Users\joaov\.m2\repository\com\drewnoakes\metadata-extractor\2.11.0\metadata-extractor-2.11.0.jar;C:\Users\joaov\.m2\repository\com\adobe\xmp\xmpcore\5.1.3\xmpcore-5.1.3.jar;C:\Users\joaov\.m2\repository\de\l3s\boilerpipe\boilerpipe\1.1.0\boilerpipe-1.1.0.jar;C:\Users\joaov\.m2\repository\com\rometools\rome\1.12.0\rome-1.12.0.jar;C:\Users\joaov\.m2\repository\com\rometools\rome-utils\1.12.0\rome-utils-1.12.0.jar;C:\Users\joaov\.m2\repository\org\gagravarr\vorbis-java-core\0.8\vorbis-java-core-0.8.jar;C:\Users\joaov\.m2\repository\com\googlecode\juniversalchardet\juniversalchardet\1.0.3\juniversalchardet-1.0.3.jar;C:\Users\joaov\.m2\repository\org\codelibs\jhighlight\1.0.3\jhighlight-1.0.3.jar;C:\Users\joaov\.m2\repository\com\pff\java-libpst\0.8.1\java-libpst-0.8.1.jar;C:\Users\joaov\.m2\repository\com\github\junrar\junrar\2.0.0\junrar-2.0.0.jar;C:\Users\joaov\.m2\repository\org\apache\cxf\cxf-rt-rs-client\3.2.7\cxf-rt-rs-client-3.2.7.jar;C:\Users\joaov\.m2\repository\org\apache\cxf\cxf-rt-transports-http\3.2.7\cxf-rt-transports-http-3.2.7.jar;C:\Users\joaov\.m2\repository\org\apache\cxf\cxf-core\3.2.7\cxf-core-3.2.7.jar;C:\Users\joaov\.m2\repository\com\fasterxml\woodstox\woodstox-core\5.0.3\woodstox-core-5.0.3.jar;C:\Users\joaov\.m2\repository\org\codehaus\woodstox\stax2-api\3.1.4\stax2-api-3.1.4.jar;C:\Users\joaov\.m2\repository\org\apache\ws\xmlschema\xmlschema-core\2.2.3\xmlschema-core-2.2.3.jar;C:\Users\joaov\.m2\repository\org\apache\cxf\cxf-rt-frontend-jaxrs\3.2.7\cxf-rt-frontend-jaxrs-3.2.7.jar;C:\Users\joaov\.m2\repository\javax\ws\rs\javax.ws.rs-api\2.1.1\javax.ws.rs-api-2.1.1.jar;C:\Users\joaov\.m2\repository\org\apache\commons\commons-exec\1.3\commons-exec-1.3.jar;C:\Users\joaov\.m2\repository\org\apache\opennlp\opennlp-tools\1.9.0\opennlp-tools-1.9.0.jar;C:\Users\joaov\.m2\repository\com\googlecode\json-simple\json-simple\1.1.1\json-simple-1.1.1.jar;C:\Users\joaov\.m2\repository\com\github\openjson\openjson\1.0.10\openjson-1.0.10.jar;C:\Users\joaov\.m2\repository\com\google\code\gson\gson\2.8.5\gson-2.8.5.jar;C:\Users\joaov\.m2\repository\org\slf4j\jul-to-slf4j\1.7.25\jul-to-slf4j-1.7.25.jar;C:\Users\joaov\.m2\repository\edu\ucar\netcdf4\4.5.5\netcdf4-4.5.5.jar;C:\Users\joaov\.m2\repository\net\jcip\jcip-annotations\1.0\jcip-annotations-1.0.jar;C:\Users\joaov\.m2\repository\edu\ucar\grib\4.5.5\grib-4.5.5.jar;C:\Users\joaov\.m2\repository\com\google\protobuf\protobuf-java\2.5.0\protobuf-java-2.5.0.jar;C:\Users\joaov\.m2\repository\org\itadaki\bzip2\0.9.1\bzip2-0.9.1.jar;C:\Users\joaov\.m2\repository\net\java\dev\jna\jna\5.1.0\jna-5.1.0.jar;C:\Users\joaov\.m2\repository\edu\ucar\cdm\4.5.5\cdm-4.5.5.jar;C:\Users\joaov\.m2\repository\edu\ucar\udunits\4.5.5\udunits-4.5.5.jar;C:\Users\joaov\.m2\repository\joda-time\joda-time\2.2\joda-time-2.2.jar;C:\Users\joaov\.m2\repository\org\quartz-scheduler\quartz\2.2.0\quartz-2.2.0.jar;C:\Users\joaov\.m2\repository\c3p0\c3p0\0.9.1.1\c3p0-0.9.1.1.jar;C:\Users\joaov\.m2\repository\net\sf\ehcache\ehcache-core\2.6.2\ehcache-core-2.6.2.jar;C:\Users\joaov\.m2\repository\com\google\guava\guava\17.0\guava-17.0.jar;C:\Users\joaov\.m2\repository\com\beust\jcommander\1.35\jcommander-1.35.jar;C:\Users\joaov\.m2\repository\edu\ucar\httpservices\4.5.5\httpservices-4.5.5.jar;C:\Users\joaov\.m2\repository\org\apache\commons\commons-csv\1.6\commons-csv-1.6.jar;C:\Users\joaov\.m2\repository\org\apache\sis\core\sis-utility\0.8\sis-utility-0.8.jar;C:\Users\joaov\.m2\repository\javax\measure\unit-api\1.0\unit-api-1.0.jar;C:\Users\joaov\.m2\repository\org\apache\sis\storage\sis-netcdf\0.8\sis-netcdf-0.8.jar;C:\Users\joaov\.m2\repository\org\apache\sis\storage\sis-storage\0.8\sis-storage-0.8.jar;C:\Users\joaov\.m2\repository\org\apache\sis\core\sis-feature\0.8\sis-feature-0.8.jar;C:\Users\joaov\.m2\repository\org\apache\sis\core\sis-referencing\0.8\sis-referencing-0.8.jar;C:\Users\joaov\.m2\repository\org\apache\sis\core\sis-metadata\0.8\sis-metadata-0.8.jar;C:\Users\joaov\.m2\repository\org\opengis\geoapi\3.0.1\geoapi-3.0.1.jar;C:\Users\joaov\.m2\repository\edu\usc\ir\sentiment-analysis-parser\0.1\sentiment-analysis-parser-0.1.jar;C:\Users\joaov\.m2\repository\org\apache\uima\uimafit-core\2.4.0\uimafit-core-2.4.0.jar;C:\Users\joaov\.m2\repository\org\apache\uima\uimaj-core\3.0.1\uimaj-core-3.0.1.jar;C:\Users\joaov\.m2\repository\org\bitbucket\mstrobel\procyon-compilertools\0.5.32\procyon-compilertools-0.5.32.jar;C:\Users\joaov\.m2\repository\org\bitbucket\mstrobel\procyon-core\0.5.32\procyon-core-0.5.32.jar;C:\Users\joaov\.m2\repository\org\jdom\jdom2\2.0.6\jdom2-2.0.6.jar;C:\Users\joaov\.m2\repository\org\apache\pdfbox\jbig2-imageio\3.0.2\jbig2-imageio-3.0.2.jar;C:\Users\joaov\.m2\repository\com\github\jai-imageio\jai-imageio-core\1.4.0\jai-imageio-core-1.4.0.jar;C:\Users\joaov\.m2\repository\com\thoughtworks\xstream\xstream\1.4.11\xstream-1.4.11.jar;C:\Users\joaov\.m2\repository\xmlpull\xmlpull\1.1.3.1\xmlpull-1.1.3.1.jar;C:\Users\joaov\.m2\repository\xpp3\xpp3_min\1.1.4c\xpp3_min-1.1.4c.jar;C:\Users\joaov\.m2\repository\xalan\xalan\2.7.2\xalan-2.7.2.jar;C:\Users\joaov\.m2\repository\xalan\serializer\2.7.2\serializer-2.7.2.jar;C:\Users\joaov\.m2\repository\net\sf\saxon\Saxon-HE\9.9.1-1\Saxon-HE-9.9.1-1.jar;C:\Users\joaov\.m2\repository\xerces\xercesImpl\2.12.0\xercesImpl-2.12.0.jar;C:\Users\joaov\.m2\repository\xml-apis\xml-apis\1.4.01\xml-apis-1.4.01.jar;C:\Users\joaov\.m2\repository\org\apache\xmlgraphics\xmlgraphics-commons\2.3\xmlgraphics-commons-2.3.jar;C:\Users\joaov\.m2\repository\javax\activation\javax.activation-api\1.2.0\javax.activation-api-1.2.0.jar;C:\Users\joaov\.m2\repository\com\sun\activation\javax.activation\1.2.0\javax.activation-1.2.0.jar;C:\Users\joaov\.m2\repository\javax\mail\mail\1.5.0-b01\mail-1.5.0-b01.jar;C:\Users\joaov\.m2\repository\javax\activation\activation\1.1\activation-1.1.jar;C:\Users\joaov\.m2\repository\org\apache\geronimo\specs\geronimo-jms_1.1_spec\1.1.1\geronimo-jms_1.1_spec-1.1.1.jar;C:\Users\joaov\.m2\repository\com\jayway\jsonpath\json-path\2.4.0\json-path-2.4.0.jar;C:\Users\joaov\.m2\repository\net\minidev\json-smart\2.3\json-smart-2.3.jar;C:\Users\joaov\.m2\repository\org\jsoup\jsoup\1.11.3\jsoup-1.11.3.jar;C:\Users\joaov\.m2\repository\org\jodd\jodd-core\5.0.6\jodd-core-5.0.6.jar;C:\Users\joaov\.m2\repository\org\jodd\jodd-lagarto\5.0.6\jodd-lagarto-5.0.6.jar;C:\Users\joaov\.m2\repository\org\jodd\jodd-log\5.0.6\jodd-log-5.0.6.jar;C:\Users\joaov\.m2\repository\org\jodd\jodd-props\5.0.6\jodd-props-5.0.6.jar;C:\Users\joaov\.m2\repository\org\mongodb\mongo-java-driver\2.11.3\mongo-java-driver-2.11.3.jar;C:\Users\joaov\.m2\repository\com\helger\ph-css\6.1.1\ph-css-6.1.1.jar;C:\Users\joaov\.m2\repository\com\helger\ph-commons\9.2.1\ph-commons-9.2.1.jar;C:\Users\joaov\.m2\repository\com\google\code\findbugs\jsr305\3.0.2\jsr305-3.0.2.jar;C:\Users\joaov\.m2\repository\com\fifesoft\rsyntaxtextarea\3.0.2\rsyntaxtextarea-3.0.2.jar;C:\Users\joaov\.m2\repository\org\slf4j\slf4j-api\1.7.25\slf4j-api-1.7.25.jar;C:\Users\joaov\.m2\repository\org\slf4j\jcl-over-slf4j\1.7.25\jcl-over-slf4j-1.7.25.jar;C:\Users\joaov\.m2\repository\org\apache\logging\log4j\log4j-api\2.11.1\log4j-api-2.11.1.jar;C:\Users\joaov\.m2\repository\org\apache\logging\log4j\log4j-core\2.11.1\log4j-core-2.11.1.jar;C:\Users\joaov\.m2\repository\org\apache\logging\log4j\log4j-slf4j-impl\2.11.1\log4j-slf4j-impl-2.11.1.jar;C:\Users\joaov\.m2\repository\org\apache\logging\log4j\log4j-1.2-api\2.11.1\log4j-1.2-api-2.11.1.jar;C:\Users\joaov\.m2\repository\org\freemarker\freemarker\2.3.28\freemarker-2.3.28.jar;C:\Users\joaov\.m2\repository\org\apache\jmeter\ApacheJMeter_java\5.1\ApacheJMeter_java-5.1.jar;C:\Users\joaov\.m2\repository\org\apache\jmeter\ApacheJMeter_components\5.1\ApacheJMeter_components-5.1.jar;"/>
    <property name="sun.cpu.endian" value="little"/>
    <property name="user.home" value="C:\Users\joaov"/>
    <property name="user.language" value="pt"/>
    <property name="java.specification.vendor" value="Oracle Corporation"/>
    <property name="java.version.date" value="2024-04-16"/>
    <property name="java.home" value="C:\Program Files\Java\jdk-22"/>
    <property name="file.separator" value="\"/>
    <property name="basedir" value="C:\Users\joaov\git\concurrent\mavenproject2"/>
    <property name="style.color" value="always"/>
    <property name="java.vm.compressedOopsMode" value="Zero based"/>
    <property name="line.separator" value="&#10;"/>
    <property name="java.vm.specification.vendor" value="Oracle Corporation"/>
    <property name="java.specification.name" value="Java Platform API Specification"/>
    <property name="surefire.real.class.path" value="C:\Users\joaov\AppData\Local\Temp\surefire17713942464846963827\surefirebooter-20240517084921580_3.jar"/>
    <property name="user.script" value=""/>
    <property name="sun.management.compiler" value="HotSpot 64-Bit Tiered Compilers"/>
    <property name="java.runtime.version" value="22.0.1+8-16"/>
    <property name="user.name" value="joaov"/>
    <property name="stdout.encoding" value="Cp1252"/>
    <property name="path.separator" value=";"/>
    <property name="os.version" value="10.0"/>
    <property name="java.runtime.name" value="Java(TM) SE Runtime Environment"/>
    <property name="file.encoding" value="UTF-8"/>
    <property name="java.vm.name" value="Java HotSpot(TM) 64-Bit Server VM"/>
    <property name="localRepository" value="C:\Users\joaov\.m2\repository"/>
    <property name="java.vendor.url.bug" value="https://bugreport.java.com/bugreport/"/>
    <property name="java.io.tmpdir" value="C:\Users\joaov\AppData\Local\Temp\"/>
    <property name="java.version" value="22.0.1"/>
    <property name="user.dir" value="C:\Users\joaov\git\concurrent\mavenproject2"/>
    <property name="os.arch" value="amd64"/>
    <property name="java.vm.specification.name" value="Java Virtual Machine Specification"/>
    <property name="sun.os.patch.level" value=""/>
    <property name="native.encoding" value="Cp1252"/>
    <property name="java.library.path" value="C:\Program Files\Java\jdk-22\bin;C:\Windows\Sun\Java\bin;C:\Windows\system32;C:\Windows;C:/Users/joaov/Downloads/eclipse//plugins/org.eclipse.justj.openjdk.hotspot.jre.full.win32.x86_64_17.0.9.v20231028-0858/jre/bin/server;C:/Users/joaov/Downloads/eclipse//plugins/org.eclipse.justj.openjdk.hotspot.jre.full.win32.x86_64_17.0.9.v20231028-0858/jre/bin;C:\Program Files\Common Files\Oracle\Java\javapathC:\Program Files\Java\jdk-22\bin;C:\Program Files\CMake\bin;C:\Program Files\PostgreSQL\16\bin;C:\Windows\system32;C:\Windows;C:\Windows\System32\Wbem;C:\Windows\System32\WindowsPowerShell\v1.0\;C:\Windows\System32\OpenSSH\;C:\Program Files (x86)\NVIDIA Corporation\PhysX\Common;C:\Program Files\NVIDIA Corporation\NVIDIA NvDLISR;C:\Program Files\Git\cmd;C:\MinGW\bin;C;C:\Windows\System32;C:\Program Files\Java\jdk-20\bin;C:\Program Files\nodejs\;C:\Program Files\dotnet\;C:\Users\joaov\AppData\Local\Microsoft\WindowsApps;C:\Users\joaov\AppData\Local\Programs\Microsoft VS Code\bin;C:\Users\joaov\AppData\Local\Programs\MiKTeX\miktex\bin\x64\;C:\Users\joaov\AppData\Roaming\npm;C:\Users\joaov\.dotnet\tools;C:\Users\joaov\Downloads\eclipse;;."/>
    <property name="java.vm.info" value="mixed mode, sharing"/>
    <property name="stderr.encoding" value="Cp1252"/>
    <property name="java.vendor" value="Oracle Corporation"/>
    <property name="java.vm.version" value="22.0.1+8-16"/>
    <property name="sun.io.unicode.encoding" value="UnicodeLittle"/>
    <property name="java.class.version" value="66.0"/>
  </properties>
  <testcase name="shouldAnswerWithTrue" classname="com.simplilearn.mavenproject.AppTest" time="0.002"/>
</testsuite>